0 info it worked if it ends with ok
1 verbose cli [ '/usr/local/bin/node', '/usr/local/bin/npm', 'publish' ]
2 info using npm@2.14.20
3 info using node@v4.4.1
4 verbose publish [ '.' ]
5 silly cache add args [ '.', null ]
6 verbose cache add spec .
7 silly cache add parsed spec Result {
7 silly cache add   raw: '.',
7 silly cache add   scope: null,
7 silly cache add   name: null,
7 silly cache add   rawSpec: '.',
7 silly cache add   spec: '/Users/venkat/proj/repos/node-walkup',
7 silly cache add   type: 'directory' }
8 verbose addLocalDirectory /Users/venkat/.npm/node-walkup/1.0.0/package.tgz not in flight; packing
9 verbose correctMkdir /Users/venkat/.npm correctMkdir not in flight; initializing
10 verbose tar pack [ '/Users/venkat/.npm/node-walkup/1.0.0/package.tgz',
10 verbose tar pack   '/Users/venkat/proj/repos/node-walkup' ]
11 verbose tarball /Users/venkat/.npm/node-walkup/1.0.0/package.tgz
12 verbose folder /Users/venkat/proj/repos/node-walkup
13 info prepublish node-walkup@1.0.0
14 verbose unsafe-perm in lifecycle true
15 verbose addLocalTarball adding from inside cache /Users/venkat/.npm/node-walkup/1.0.0/package.tgz
16 verbose correctMkdir /Users/venkat/.npm correctMkdir not in flight; initializing
17 silly cache afterAdd node-walkup@1.0.0
18 verbose afterAdd /Users/venkat/.npm/node-walkup/1.0.0/package/package.json not in flight; writing
19 verbose correctMkdir /Users/venkat/.npm correctMkdir not in flight; initializing
20 verbose afterAdd /Users/venkat/.npm/node-walkup/1.0.0/package/package.json written
21 silly publish { name: 'node-walkup',
21 silly publish   version: '1.0.0',
21 silly publish   repository:
21 silly publish    { type: 'git',
21 silly publish      url: 'git+https://github.com/venkatperi/node-walkup.git' },
21 silly publish   preferGlobal: false,
21 silly publish   description: 'Walk up dir tree and glob at each level',
21 silly publish   dependencies: { glob: '^7.0.3', underscore: '^1.8.3' },
21 silly publish   engines: { node: '>= 0.6.0', npm: '>= 1.0.0' },
21 silly publish   bundleDependencies: [],
21 silly publish   main: 'dist/index.js',
21 silly publish   scripts: { prepublish: 'grunt', test: 'mocha' },
21 silly publish   devDependencies:
21 silly publish    { grunt: '^0.4.5',
21 silly publish      'grunt-contrib-clean': '^1.0.0',
21 silly publish      'grunt-contrib-coffee': '^1.0.0',
21 silly publish      'grunt-contrib-watch': '^1.0.0',
21 silly publish      should: '^8.3.0' },
21 silly publish   author:
21 silly publish    { name: 'Venkat Peri',
21 silly publish      email: 'venkatperi@gmail.com',
21 silly publish      url: 'http://www.vperi.com/' },
21 silly publish   license: 'MIT',
21 silly publish   readme: '# WalkUp\n  * Walks up a directory tree from a give subdirectory\n  * Returns file names that match a pattern\n  * Emits `match` as results are found\n\nWalkUp uses the `glob` library to do it\'s pattern matching.\n\n## Installation\n\nInstall with npm\n\n```\nnpm install node-walkup\n```\n\n## Example\n\n```javascript\nvar walkup = require("node-walkup")\n\noptions = {\n  cwd: "/path/to/some/sub/dir/with/files"\n}\nwalkup("*.json", options, function (err, matches) {\n  // err is an error object or null.\n  // matches is an array of objects\n  //  [\n  //    {\n  //      dir: "/path/to/some/sub/dir/with/files",\n  //      files: ["a.json"]\n  //    },\n  //    {\n  //      dir: "/path/to/some/sub/dir/with",\n  //      files: ["b.json", "c.json"]\n  //    },\n  //  ]\n})\n```\n\n\n## walkup(pattern, options, cb)\n\n* `pattern` `{String}` Pattern to be matched\n* `options` `{Object}`\n* `cb` `{Function(err, matches)}`\n  * `err` `{Error | null}`\n  * `matches` `{Array<Object>}` where `{Object}`\n    * `dir`: `{String}` dir where match was found\n    * `files`: `Array<String>` filenames found matching the pattern in that dir\n\nPerform an asynchronous glob search. If no matching files are found, then an empty array is returned.\n\n## Class: walkup.WalkUp\n\nCreate a WalkUp object by instantiating the `walkup.WalkUp` class.\n\n```javascript\nvar WalkUp = require("walkup").WalkUp\nvar matches = new WalkUp(pattern, options, cb)\n```\n\nIt\'s an EventEmitter, and starts walking up the dir tree to find matches\nimmediately.\n\n### Events\n\n* `end` When the matching is finished, this is emitted with all the\n  matches found.\n* `match` Every time a match is found, this is emitted with the specific\n  thing that matched.\n* `error` Emitted when an unexpected error is encountered, or whenever\n  any fs error occurs if `options.strict` is set.\n* `abort` When `abort()` is called, this event is raised.\n\n### Methods\n\n* `abort` Stop the search\n\n### Options\n\nAll the options that can be passed to `glob` can also be passed to\nWalkUp to change pattern matching behavior with a few exceptions where\nsuch options are unsuitable for `walkup`. Also, some have been added,\nor have walkup-specific ramifications.\n\nAll options are false by default, unless otherwise noted.\n\nAll options are added to the WalkUp object, as well.\n\n* `cwd` The current working directory in which to search.  Defaults\n  to `process.cwd()`.\nSee `glob` for a full list of options.\n\n\n`Glob` options suppressed in `walkup`:\n* `noglobstar` We\'re walking up a dir tree, so this is always set to false.\n* `matchBase` Ditto.\n* `nonull` Why not?\n\n\n\n',
21 silly publish   readmeFilename: 'README.md',
21 silly publish   gitHead: '688cae71b1f5ad3ff1ba86672ca53167ac79f31e',
21 silly publish   bugs: { url: 'https://github.com/venkatperi/node-walkup/issues' },
21 silly publish   homepage: 'https://github.com/venkatperi/node-walkup#readme',
21 silly publish   _id: 'node-walkup@1.0.0',
21 silly publish   _shasum: 'f8446fec556254387b94f71186220a538d8d3c14',
21 silly publish   _from: '.' }
22 verbose getPublishConfig undefined
23 silly mapToRegistry name node-walkup
24 silly mapToRegistry using default registry
25 silly mapToRegistry registry https://registry.npmjs.org/
26 silly mapToRegistry uri https://registry.npmjs.org/node-walkup
27 verbose publish registryBase https://registry.npmjs.org/
28 silly publish uploading /Users/venkat/.npm/node-walkup/1.0.0/package.tgz
29 verbose request uri https://registry.npmjs.org/node-walkup
30 verbose request sending authorization for write operation
31 info attempt registry request try #1 at 12:32:56 PM
32 verbose request using bearer token for auth
33 verbose request id 74c83185124b4b84
34 http request PUT https://registry.npmjs.org/node-walkup
35 http 403 https://registry.npmjs.org/node-walkup
36 verbose headers { 'content-type': 'application/json',
36 verbose headers   'cache-control': 'max-age=300',
36 verbose headers   'content-length': '95',
36 verbose headers   'accept-ranges': 'bytes',
36 verbose headers   date: 'Sun, 27 Mar 2016 16:32:57 GMT',
36 verbose headers   via: '1.1 varnish',
36 verbose headers   connection: 'keep-alive',
36 verbose headers   'x-served-by': 'cache-atl6231-ATL',
36 verbose headers   'x-cache': 'MISS',
36 verbose headers   'x-cache-hits': '0',
36 verbose headers   'x-timer': 'S1459096377.163229,VS0,VE663' }
37 verbose request invalidating /Users/venkat/.npm/registry.npmjs.org/node-walkup on PUT
38 error publish Failed PUT 403
39 verbose stack Error: "You cannot publish over the previously published version 1.0.0." : node-walkup
39 verbose stack     at makeError (/usr/local/lib/node_modules/npm/node_modules/npm-registry-client/lib/request.js:264:12)
39 verbose stack     at CachingRegistryClient.<anonymous> (/usr/local/lib/node_modules/npm/node_modules/npm-registry-client/lib/request.js:252:14)
39 verbose stack     at Request._callback (/usr/local/lib/node_modules/npm/node_modules/npm-registry-client/lib/request.js:172:14)
39 verbose stack     at Request.self.callback (/usr/local/lib/node_modules/npm/node_modules/request/request.js:199:22)
39 verbose stack     at emitTwo (events.js:87:13)
39 verbose stack     at Request.emit (events.js:172:7)
39 verbose stack     at Request.<anonymous> (/usr/local/lib/node_modules/npm/node_modules/request/request.js:1036:10)
39 verbose stack     at emitOne (events.js:82:20)
39 verbose stack     at Request.emit (events.js:169:7)
39 verbose stack     at IncomingMessage.<anonymous> (/usr/local/lib/node_modules/npm/node_modules/request/request.js:963:12)
40 verbose statusCode 403
41 verbose pkgid node-walkup
42 verbose cwd /Users/venkat/proj/repos/node-walkup
43 error Darwin 15.4.0
44 error argv "/usr/local/bin/node" "/usr/local/bin/npm" "publish"
45 error node v4.4.1
46 error npm  v2.14.20
47 error code E403
48 error "You cannot publish over the previously published version 1.0.0." : node-walkup
49 error If you need help, you may report this error at:
49 error     <https://github.com/npm/npm/issues>
50 verbose exit [ 1, true ]
